0 verbose cli /usr/local/bin/node /usr/local/bin/npm
1 info using npm@9.4.0
2 info using node@v19.6.1
3 timing npm:load:whichnode Completed in 7ms
4 timing config:load:defaults Completed in 2ms
5 timing config:load:file:/usr/local/lib/node_modules/npm/npmrc Completed in 1ms
6 timing config:load:builtin Completed in 1ms
7 timing config:load:cli Completed in 2ms
8 timing config:load:env Completed in 1ms
9 timing config:load:file:/usr/src/app/.npmrc Completed in 1ms
10 timing config:load:project Completed in 10ms
11 timing config:load:file:/root/.npmrc Completed in 6ms
12 timing config:load:user Completed in 7ms
13 timing config:load:file:/usr/local/etc/npmrc Completed in 0ms
14 timing config:load:global Completed in 0ms
15 timing config:load:setEnvs Completed in 1ms
16 timing config:load Completed in 25ms
17 timing npm:load:configload Completed in 25ms
18 timing npm:load:mkdirpcache Completed in 1ms
19 timing npm:load:mkdirplogs Completed in 1ms
20 verbose title npm run dev
21 verbose argv "run" "dev"
22 timing npm:load:setTitle Completed in 1ms
23 timing config:load:flatten Completed in 5ms
24 timing npm:load:display Completed in 7ms
25 verbose logfile logs-max:10 dir:/usr/src/app/.npm/_logs/2024-07-02T06_32_09_957Z-
26 verbose logfile /usr/src/app/.npm/_logs/2024-07-02T06_32_09_957Z-debug-0.log
27 timing npm:load:logFile Completed in 15ms
28 timing npm:load:timers Completed in 0ms
29 timing npm:load:configScope Completed in 0ms
30 timing npm:load Completed in 59ms
31 silly logfile done cleaning log files
32 http fetch GET 200 https://registry.npmjs.org/npm 468ms (cache miss)
33 timing command:run Completed in 873063ms
34 notice
34 notice New major version of npm available! 9.4.0 -> 10.8.1
34 notice Changelog: <https://github.com/npm/cli/releases/tag/v10.8.1>
34 notice Run `npm install -g npm@10.8.1` to update!
34 notice
35 verbose exit 143
36 timing npm Completed in 873140ms
37 verbose code 143
